<?xml version="1.0" encoding="UTF-8"?>
<!-- Generated by org.testng.reporters.JUnitXMLReporter -->
<testsuite ignored="0" hostname="MacBook-Air-de-Luis.local" failures="0" tests="4" name="Test On Iexplorer" time="0.563" errors="0" timestamp="2020-12-16T01:23:37 PET">
  <testcase classname="pe.edu.galaxy.doLogin_v2" name="@BeforeTest lauchBrowser" time="0.26">
    <failure type="java.lang.IllegalStateException" message="The path to the driver executable must be set by the webdriver.ie.driver system property; for more information, see https://github.com/SeleniumHQ/selenium/wiki/InternetExplorerDriver. The latest version can be downloaded from http://selenium-release.storage.googleapis.com/index.html">
      <![CDATA[java.lang.IllegalStateException: The path to the driver executable must be set by the webdriver.ie.driver system property; for more information, see https://github.com/SeleniumHQ/selenium/wiki/InternetExplorerDriver. The latest version can be downloaded from http://selenium-release.storage.googleapis.com/index.html
at com.google.common.base.Preconditions.checkState(Preconditions.java:847)
at org.openqa.selenium.remote.service.DriverService.findExecutable(DriverService.java:134)
at org.openqa.selenium.ie.InternetExplorerDriverService.access$000(InternetExplorerDriverService.java:35)
at org.openqa.selenium.ie.InternetExplorerDriverService$Builder.findDefaultExecutable(InternetExplorerDriverService.java:175)
at org.openqa.selenium.remote.service.DriverService$Builder.build(DriverService.java:355)
at org.openqa.selenium.ie.InternetExplorerDriver.setupService(InternetExplorerDriver.java:281)
at org.openqa.selenium.ie.InternetExplorerDriver.<init>(InternetExplorerDriver.java:211)
at org.openqa.selenium.ie.InternetExplorerDriver.<init>(InternetExplorerDriver.java:150)
at pe.edu.galaxy.doLogin_v2.lauchBrowser(doLogin_v2.java:34)
at java.base/java.util.concurrent.FutureTask.run(FutureTask.java:264)
at java.base/java.util.concurrent.ThreadPoolExecutor.runWorker(ThreadPoolExecutor.java:1130)
at java.base/java.util.concurrent.ThreadPoolExecutor$Worker.run(ThreadPoolExecutor.java:630)
at java.base/java.lang.Thread.run(Thread.java:832)
... Removed 15 stack frames]]>
    </failure>
  </testcase> <!-- @BeforeTest lauchBrowser -->
  <testcase classname="pe.edu.galaxy.doLogin_v2" name="@BeforeClass setURL" time="-1.608099817265E9">
    <skipped/>
  </testcase> <!-- @BeforeClass setURL -->
  <testcase classname="pe.edu.galaxy.doLogin_v2" name="@AfterMethod tearDown" time="-1.60809981734E9">
    <skipped/>
  </testcase> <!-- @AfterMethod tearDown -->
  <testcase classname="pe.edu.galaxy.doLogin_v2" name="@AfterMethod tearDown" time="-1.608099817372E9">
    <skipped/>
  </testcase> <!-- @AfterMethod tearDown -->
  <testcase classname="pe.edu.galaxy.doLogin_v2" name="@AfterMethod tearDown" time="-1.608099817394E9">
    <skipped/>
  </testcase> <!-- @AfterMethod tearDown -->
  <testcase classname="pe.edu.galaxy.doLogin_v2" name="@AfterMethod tearDown" time="-1.60809981742E9">
    <skipped/>
  </testcase> <!-- @AfterMethod tearDown -->
  <testcase classname="pe.edu.galaxy.doLogin_v2" name="doLoginFail" time="0.0">
    <skipped/>
  </testcase> <!-- doLoginFail -->
  <testcase classname="pe.edu.galaxy.doLogin_v2" name="doLoginPass" time="0.0">
    <skipped/>
  </testcase> <!-- doLoginPass -->
  <testcase classname="pe.edu.galaxy.doLogin_v2" name="doLogout" time="0.0">
    <skipped/>
  </testcase> <!-- doLogout -->
  <testcase classname="pe.edu.galaxy.doLogin_v2" name="getTitleLogin" time="0.0">
    <skipped/>
  </testcase> <!-- getTitleLogin -->
</testsuite> <!-- Test On Iexplorer -->
