<?xml version="1.0" encoding="UTF-8"?>
<!-- Generated by org.testng.reporters.JUnitXMLReporter -->
<testsuite ignored="0" hostname="MacBook-Air-de-Luis.local" failures="0" tests="1" name="Firefox Test" time="30.735" errors="0" timestamp="2020-12-16T17:59:33 PET">
  <testcase classname="pe.edu.galaxy.SeleniumGrid2" name="@AfterTest TearDown" time="0.012">
    <failure type="java.lang.NullPointerException">
      <![CDATA[java.lang.NullPointerException
at pe.edu.galaxy.SeleniumGrid2.TearDown(SeleniumGrid2.java:72)
at java.base/java.util.concurrent.FutureTask.run(FutureTask.java:264)
at java.base/java.util.concurrent.ThreadPoolExecutor.runWorker(ThreadPoolExecutor.java:1130)
at java.base/java.util.concurrent.ThreadPoolExecutor$Worker.run(ThreadPoolExecutor.java:630)
at java.base/java.lang.Thread.run(Thread.java:832)
... Removed 15 stack frames]]>
    </failure>
  </testcase> <!-- @AfterTest TearDown -->
  <testcase classname="pe.edu.galaxy.SeleniumGrid2" name="sampleTest" time="27.501"/>
</testsuite> <!-- Firefox Test -->
